This is pdfTeX, Version 3.14159265-2.6-1.40.15 (TeX Live 2014) (preloaded format=pdflatex 2014.10.27)  20 NOV 2016 23:29
entering extended mode
 restricted \write18 enabled.
 %&-line parsing enabled.
**main
(./main.tex
LaTeX2e <2014/05/01>
Babel <3.9k> and hyphenation patterns for 78 languages loaded.
(./IEEEtran.cls
Document Class: IEEEtran 2012/11/21 V1.8c by Harald Hanche-Olsen and Anders Chr
istensen
-- Based on V1.7a by Michael Shell
-- See the "IEEEtran_HOWTO" manual for usage information.
-- http://www.michaelshell.org/tex/ieeetran/
\@IEEEtrantmpdimenA=\dimen102
\@IEEEtrantmpdimenB=\dimen103
\@IEEEtrantmpcountA=\count79
\@IEEEtrantmpcountB=\count80
\@IEEEtrantmptoksA=\toks14
LaTeX Font Info:    Try loading font information for OT1+ptm on input line 373.

(/usr/local/texlive/2014/texmf-dist/tex/latex/psnfss/ot1ptm.fd
File: ot1ptm.fd 2001/06/04 font definitions for OT1/ptm.
)
-- Using 8.5in x 11in (letter) paper.
-- Using PDF output.
\@IEEEnormalsizeunitybaselineskip=\dimen104
-- This is a 10 point document.
\CLASSINFOnormalsizebaselineskip=\dimen105
\CLASSINFOnormalsizeunitybaselineskip=\dimen106
\IEEEnormaljot=\dimen107
LaTeX Font Info:    Font shape `OT1/ptm/bx/n' in size <5> not available
(Font)              Font shape `OT1/ptm/b/n' tried instead on input line 731.
LaTeX Font Info:    Font shape `OT1/ptm/bx/it' in size <5> not available
(Font)              Font shape `OT1/ptm/b/it' tried instead on input line 731.
LaTeX Font Info:    Font shape `OT1/ptm/bx/n' in size <7> not available
(Font)              Font shape `OT1/ptm/b/n' tried instead on input line 731.
LaTeX Font Info:    Font shape `OT1/ptm/bx/it' in size <7> not available
(Font)              Font shape `OT1/ptm/b/it' tried instead on input line 731.
LaTeX Font Info:    Font shape `OT1/ptm/bx/n' in size <8> not available
(Font)              Font shape `OT1/ptm/b/n' tried instead on input line 731.
LaTeX Font Info:    Font shape `OT1/ptm/bx/it' in size <8> not available
(Font)              Font shape `OT1/ptm/b/it' tried instead on input line 731.
LaTeX Font Info:    Font shape `OT1/ptm/bx/n' in size <9> not available
(Font)              Font shape `OT1/ptm/b/n' tried instead on input line 731.
LaTeX Font Info:    Font shape `OT1/ptm/bx/it' in size <9> not available
(Font)              Font shape `OT1/ptm/b/it' tried instead on input line 731.
LaTeX Font Info:    Font shape `OT1/ptm/bx/n' in size <10> not available
(Font)              Font shape `OT1/ptm/b/n' tried instead on input line 731.
LaTeX Font Info:    Font shape `OT1/ptm/bx/it' in size <10> not available
(Font)              Font shape `OT1/ptm/b/it' tried instead on input line 731.
LaTeX Font Info:    Font shape `OT1/ptm/bx/n' in size <11> not available
(Font)              Font shape `OT1/ptm/b/n' tried instead on input line 731.
LaTeX Font Info:    Font shape `OT1/ptm/bx/it' in size <11> not available
(Font)              Font shape `OT1/ptm/b/it' tried instead on input line 731.
LaTeX Font Info:    Font shape `OT1/ptm/bx/n' in size <12> not available
(Font)              Font shape `OT1/ptm/b/n' tried instead on input line 731.
LaTeX Font Info:    Font shape `OT1/ptm/bx/it' in size <12> not available
(Font)              Font shape `OT1/ptm/b/it' tried instead on input line 731.
LaTeX Font Info:    Font shape `OT1/ptm/bx/n' in size <17> not available
(Font)              Font shape `OT1/ptm/b/n' tried instead on input line 731.
LaTeX Font Info:    Font shape `OT1/ptm/bx/it' in size <17> not available
(Font)              Font shape `OT1/ptm/b/it' tried instead on input line 731.
LaTeX Font Info:    Font shape `OT1/ptm/bx/n' in size <20> not available
(Font)              Font shape `OT1/ptm/b/n' tried instead on input line 731.
LaTeX Font Info:    Font shape `OT1/ptm/bx/it' in size <20> not available
(Font)              Font shape `OT1/ptm/b/it' tried instead on input line 731.
LaTeX Font Info:    Font shape `OT1/ptm/bx/n' in size <24> not available
(Font)              Font shape `OT1/ptm/b/n' tried instead on input line 731.
LaTeX Font Info:    Font shape `OT1/ptm/bx/it' in size <24> not available
(Font)              Font shape `OT1/ptm/b/it' tried instead on input line 731.
\IEEEilabelindentA=\dimen108
\IEEEilabelindentB=\dimen109
\IEEEilabelindent=\dimen110
\IEEEelabelindent=\dimen111
\IEEEdlabelindent=\dimen112
\IEEElabelindent=\dimen113
\IEEEiednormlabelsep=\dimen114
\IEEEiedmathlabelsep=\dimen115
\IEEEiedtopsep=\skip41
\c@section=\count81
\c@subsection=\count82
\c@subsubsection=\count83
\c@paragraph=\count84
\c@IEEEsubequation=\count85
\abovecaptionskip=\skip42
\belowcaptionskip=\skip43
\c@figure=\count86
\c@table=\count87
\@IEEEeqnnumcols=\count88
\@IEEEeqncolcnt=\count89
\@IEEEtmpitemindent=\dimen116
\c@IEEEbiography=\count90
\@IEEEtranrubishbin=\box26
) (/usr/local/texlive/2014/texmf-dist/tex/latex/graphics/graphicx.sty
Package: graphicx 2014/04/25 v1.0g Enhanced LaTeX Graphics (DPC,SPQR)

(/usr/local/texlive/2014/texmf-dist/tex/latex/graphics/keyval.sty
Package: keyval 2014/05/08 v1.15 key=value parser (DPC)
\KV@toks@=\toks15
)
(/usr/local/texlive/2014/texmf-dist/tex/latex/graphics/graphics.sty
Package: graphics 2009/02/05 v1.0o Standard LaTeX Graphics (DPC,SPQR)

(/usr/local/texlive/2014/texmf-dist/tex/latex/graphics/trig.sty
Package: trig 1999/03/16 v1.09 sin cos tan (DPC)
)
(/usr/local/texlive/2014/texmf-dist/tex/latex/latexconfig/graphics.cfg
File: graphics.cfg 2010/04/23 v1.9 graphics configuration of TeX Live
)
Package graphics Info: Driver file: pdftex.def on input line 91.

(/usr/local/texlive/2014/texmf-dist/tex/latex/pdftex-def/pdftex.def
File: pdftex.def 2011/05/27 v0.06d Graphics/color for pdfTeX

(/usr/local/texlive/2014/texmf-dist/tex/generic/oberdiek/infwarerr.sty
Package: infwarerr 2010/04/08 v1.3 Providing info/warning/error messages (HO)
)
(/usr/local/texlive/2014/texmf-dist/tex/generic/oberdiek/ltxcmds.sty
Package: ltxcmds 2011/11/09 v1.22 LaTeX kernel commands for general use (HO)
)
\Gread@gobject=\count91
))
\Gin@req@height=\dimen117
\Gin@req@width=\dimen118
)
(/usr/local/texlive/2014/texmf-dist/tex/latex/adjustbox/adjustbox.sty
Package: adjustbox 2012/05/21 v1.0 Adjusting TeX boxes (trim, clip, ...)

(/usr/local/texlive/2014/texmf-dist/tex/latex/xkeyval/xkeyval.sty
Package: xkeyval 2014/05/09 v2.6d package option processing (HA)

(/usr/local/texlive/2014/texmf-dist/tex/generic/xkeyval/xkeyval.tex
\XKV@toks=\toks16
\XKV@tempa@toks=\toks17
\XKV@depth=\count92
File: xkeyval.tex 2014/05/09 v2.6d key=value parser (HA)
))
(/usr/local/texlive/2014/texmf-dist/tex/latex/adjustbox/adjcalc.sty
Package: adjcalc 2012/05/16 v1.1 Provides advanced setlength with multiple back
-ends (calc, etex, pgfmath)
)
(/usr/local/texlive/2014/texmf-dist/tex/latex/adjustbox/trimclip.sty
Package: trimclip 2012/05/16 v1.0 Trim and clip general TeX material

(/usr/local/texlive/2014/texmf-dist/tex/latex/collectbox/collectbox.sty
Package: collectbox 2012/05/17 v0.4b Collect macro arguments as boxes
\collectedbox=\box27
)
\tc@llx=\dimen119
\tc@lly=\dimen120
\tc@urx=\dimen121
\tc@ury=\dimen122
Package trimclip Info: Using driver 'tc-pdftex.def'.

(/usr/local/texlive/2014/texmf-dist/tex/latex/adjustbox/tc-pdftex.def
File: tc-pdftex.def 2012/05/13 v1.0 Clipping driver for pdftex
))
\adjbox@Width=\dimen123
\adjbox@Height=\dimen124
\adjbox@Depth=\dimen125
\adjbox@Totalheight=\dimen126

(/usr/local/texlive/2014/texmf-dist/tex/latex/ifoddpage/ifoddpage.sty
Package: ifoddpage 2011/09/13 v1.0 Conditionals for odd/even page detection
\c@checkoddpage=\count93
)
(/usr/local/texlive/2014/texmf-dist/tex/latex/varwidth/varwidth.sty
Package: varwidth 2009/03/30 ver 0.92;  Variable-width minipages
\@vwid@box=\box28
\sift@deathcycles=\count94
\@vwid@loff=\dimen127
\@vwid@roff=\dimen128
))
(/usr/local/texlive/2014/texmf-dist/tex/latex/graphics/color.sty
Package: color 2014/04/23 v1.1a Standard LaTeX Color (DPC)

(/usr/local/texlive/2014/texmf-dist/tex/latex/latexconfig/color.cfg
File: color.cfg 2007/01/18 v1.5 color configuration of teTeX/TeXLive
)
Package color Info: Driver file: pdftex.def on input line 137.
)
(/usr/local/texlive/2014/texmf-dist/tex/latex/mh/breqn.sty
(/usr/local/texlive/2014/texmf-dist/tex/latex/l3kernel/expl3.sty
Package: expl3 2014/05/20 v4814 L3 programming layer (loader) 

(/usr/local/texlive/2014/texmf-dist/tex/generic/oberdiek/ifpdf.sty
Package: ifpdf 2011/01/30 v2.3 Provides the ifpdf switch (HO)
Package ifpdf Info: pdfTeX in PDF mode is detected.
)
(/usr/local/texlive/2014/texmf-dist/tex/latex/l3kernel/expl3-code.tex
Package: expl3 2014/05/20 v4814 L3 programming layer (code) 
L3 Module: l3bootstrap 2014/05/16 v4782 L3 Bootstrap code

(/usr/local/texlive/2014/texmf-dist/tex/latex/etex-pkg/etex.sty
Package: etex 1998/03/26 v2.0 eTeX basic definition package (PEB)
\et@xins=\count95
)
L3 Module: l3names 2014/05/04 v4728 L3 Namespace for primitives
L3 Module: l3basics 2014/05/04 v4728 L3 Basic definitions
L3 Module: l3expan 2014/04/30 v4712 L3 Argument expansion
L3 Module: l3tl 2014/05/04 v4728 L3 Token lists
L3 Module: l3seq 2014/04/30 v4712 L3 Sequences and stacks
L3 Module: l3int 2014/05/16 v4776 L3 Integers
\c_max_int=\count96
\l_tmpa_int=\count97
\l_tmpb_int=\count98
\g_tmpa_int=\count99
\g_tmpb_int=\count100
L3 Module: l3quark 2014/05/04 v4728 L3 Quarks
L3 Module: l3prg 2014/05/04 v4728 L3 Control structures
\g__prg_map_int=\count101
L3 Module: l3clist 2014/05/04 v4728 L3 Comma separated lists
L3 Module: l3token 2014/05/04 v4728 L3 Experimental token manipulation
L3 Module: l3prop 2014/04/30 v4712 L3 Property lists
L3 Module: l3msg 2014/05/04 v4728 L3 Messages
L3 Module: l3file 2014/05/05 v4737 L3 File and I/O operations
\l_iow_line_count_int=\count102
\l__iow_target_count_int=\count103
\l__iow_current_line_int=\count104
\l__iow_current_word_int=\count105
\l__iow_current_indentation_int=\count106
L3 Module: l3skip 2014/05/05 v4738 L3 Dimensions and skips
\c_zero_dim=\dimen129
\c_max_dim=\dimen130
\l_tmpa_dim=\dimen131
\l_tmpb_dim=\dimen132
\g_tmpa_dim=\dimen133
\g_tmpb_dim=\dimen134
\c_zero_skip=\skip44
\c_max_skip=\skip45
\l_tmpa_skip=\skip46
\l_tmpb_skip=\skip47
\g_tmpa_skip=\skip48
\g_tmpb_skip=\skip49
\c_zero_muskip=\muskip10
\c_max_muskip=\muskip11
\l_tmpa_muskip=\muskip12
\l_tmpb_muskip=\muskip13
\g_tmpa_muskip=\muskip14
\g_tmpb_muskip=\muskip15
L3 Module: l3keys 2014/05/08 v4753 L3 Key-value interfaces
\g__keyval_level_int=\count107
\l_keys_choice_int=\count108
L3 Module: l3fp 2014/04/30 v4712 L3 Floating points
\c__fp_leading_shift_int=\count109
\c__fp_middle_shift_int=\count110
\c__fp_trailing_shift_int=\count111
\c__fp_big_leading_shift_int=\count112
\c__fp_big_middle_shift_int=\count113
\c__fp_big_trailing_shift_int=\count114
\c__fp_Bigg_leading_shift_int=\count115
\c__fp_Bigg_middle_shift_int=\count116
\c__fp_Bigg_trailing_shift_int=\count117
L3 Module: l3box 2014/05/04 v4728 L3 Experimental boxes
\c_empty_box=\box29
\l_tmpa_box=\box30
\l_tmpb_box=\box31
\g_tmpa_box=\box32
\g_tmpb_box=\box33
L3 Module: l3coffins 2014/05/04 v4728 L3 Coffin code layer
\l__coffin_internal_box=\box34
\l__coffin_internal_dim=\dimen135
\l__coffin_offset_x_dim=\dimen136
\l__coffin_offset_y_dim=\dimen137
\l__coffin_x_dim=\dimen138
\l__coffin_y_dim=\dimen139
\l__coffin_x_prime_dim=\dimen140
\l__coffin_y_prime_dim=\dimen141
\c_empty_coffin=\box35
\l__coffin_aligned_coffin=\box36
\l__coffin_aligned_internal_coffin=\box37
\l_tmpa_coffin=\box38
\l_tmpb_coffin=\box39
\l__coffin_display_coffin=\box40
\l__coffin_display_coord_coffin=\box41
\l__coffin_display_pole_coffin=\box42
\l__coffin_display_offset_dim=\dimen142
\l__coffin_display_x_dim=\dimen143
\l__coffin_display_y_dim=\dimen144
L3 Module: l3color 2014/04/30 v4712 L3 Experimental color support
L3 Module: l3luatex 2014/04/30 v4712 L3 Experimental LuaTeX-specific functions
\g__cctab_allocate_int=\count118
\g__cctab_stack_int=\count119
L3 Module: l3candidates 2014/05/04 v4734 L3 Experimental additions to l3kernel
\l__box_top_dim=\dimen145
\l__box_bottom_dim=\dimen146
\l__box_left_dim=\dimen147
\l__box_right_dim=\dimen148
\l__box_top_new_dim=\dimen149
\l__box_bottom_new_dim=\dimen150
\l__box_left_new_dim=\dimen151
\l__box_right_new_dim=\dimen152
\l__box_internal_box=\box43
\l__coffin_bounding_shift_dim=\dimen153
\l__coffin_left_corner_dim=\dimen154
\l__coffin_right_corner_dim=\dimen155
\l__coffin_bottom_corner_dim=\dimen156
\l__coffin_top_corner_dim=\dimen157
\l__coffin_scaled_total_height_dim=\dimen158
\l__coffin_scaled_width_dim=\dimen159
))
Package: breqn 2012/05/10 v0.98b Breaking equations

(/usr/local/texlive/2014/texmf-dist/tex/latex/mh/flexisym.sty
Package: flexisym 2013/03/16 v0.97c Make math characters macros
LaTeX Info: Redefining \textprime on input line 296.
LaTeX Info: Redefining \not on input line 354.

(/usr/local/texlive/2014/texmf-dist/tex/latex/mh/cmbase.sym
File: cmbase.sym 2007/12/19 v0.92
LaTeX Info: Redefining \hbar on input line 323.
LaTeX Info: Redefining \surd on input line 325.
LaTeX Info: Redefining \angle on input line 333.
LaTeX Info: Redefining \neq on input line 334.
LaTeX Info: Redefining \mapsto on input line 335.
LaTeX Info: Redefining \cong on input line 336.
LaTeX Info: Redefining \notin on input line 339.
LaTeX Info: Redefining \rightleftharpoons on input line 340.
LaTeX Info: Redefining \doteq on input line 341.
LaTeX Info: Redefining \hookrightarrow on input line 342.
LaTeX Info: Redefining \hookleftarrow on input line 343.
LaTeX Info: Redefining \bowtie on input line 344.
LaTeX Info: Redefining \models on input line 345.
LaTeX Info: Redefining \Longrightarrow on input line 346.
LaTeX Info: Redefining \longrightarrow on input line 347.
LaTeX Info: Redefining \Longleftarrow on input line 348.
LaTeX Info: Redefining \longleftarrow on input line 349.
LaTeX Info: Redefining \longmapsto on input line 350.
LaTeX Info: Redefining \longleftrightarrow on input line 351.
LaTeX Info: Redefining \Longleftrightarrow on input line 352.
LaTeX Info: Redefining \cdots on input line 356.
LaTeX Info: Redefining \vdots on input line 359.
LaTeX Info: Redefining \ddots on input line 364.
)
(/usr/local/texlive/2014/texmf-dist/tex/latex/mh/mathstyle.sty
Package: mathstyle 2011/08/03 v0.90 Tracking mathstyle implicitly
LaTeX Info: Redefining \displaystyle on input line 81.
LaTeX Info: Redefining \textstyle on input line 83.
LaTeX Info: Redefining \scriptstyle on input line 85.
LaTeX Info: Redefining \scriptscriptstyle on input line 87.
))
(/usr/local/texlive/2014/texmf-dist/tex/latex/tools/calc.sty
Package: calc 2007/08/22 v4.3 Infix arithmetic (KKT,FJ)
\calc@Acount=\count120
\calc@Bcount=\count121
\calc@Adimen=\dimen160
\calc@Bdimen=\dimen161
\calc@Askip=\skip50
\calc@Bskip=\skip51
LaTeX Info: Redefining \setlength on input line 75.
LaTeX Info: Redefining \addtolength on input line 76.
\calc@Ccount=\count122
\calc@Cskip=\skip52
)
\@emptytoks=\toks18
\inf@bad=\count123
\maxint=\count124
\listwidth=\dimen162
\eqnumsep=\dimen163
\eqmargin=\dimen164
\eqlinespacing=\skip53
\eqlineskip=\skip54
\eqlineskiplimit=\dimen165
\eqbinoffset=\muskip16
\eqdelimoffset=\muskip17
\eqindentstep=\dimen166
\eqstyle=\toks19
\eqbreakdepth=\count125
\eqinterlinepenalty=\count126
\intereqpenalty=\count127
\intereqskip=\skip55
\prerelpenalty=\count128
\prebinoppenalty=\count129
\Dmedmuskip=\muskip18
\Dthickmuskip=\muskip19
\eqleftskip=\skip56
\eqrightskip=\skip57
\eq@vspan=\skip58
\eq@binoffset=\muskip20
\EQ@box=\box44
\EQ@copy=\box45
\EQ@numbox=\box46
\eq@wdNum=\dimen167
\GRP@numbox=\box47
\grp@wdNum=\dimen168
\eq@lines=\count130
\eq@curline=\count131
\eq@badness=\count132
\EQ@vims=\count133
\eq@dp=\dimen169
\eq@wdL=\dimen170
\eq@wdT=\dimen171
\eq@wdMin=\dimen172
\grp@wdL=\dimen173
\grp@wdR=\dimen174
\grp@wdT=\dimen175
\eq@wdRmax=\dimen176
\eq@firstht=\dimen177
\eq@wdCond=\dimen178
\eq@indentstep=\dimen179
\eq@linewidth=\dimen180
\grp@linewidth=\dimen181
\eq@hshift=\dimen182
\eq@given@sidespace=\dimen183
\mathindent=\dimen184
\eq@final@linecount=\count134
\eq@wdR=\dimen185
\EQ@continue=\toks20
\lr@level=\count135
\GRP@queue=\toks21
\c@parentequation=\count136
\GRP@box=\box48
\GRP@wholebox=\box49
\darraycolsep=\skip59
\cur@row=\count137
\cur@col=\count138
\conditionsep=\skip60
)
(/usr/local/texlive/2014/texmf-dist/tex/latex/algorithm2e/algorithm2e.sty
Package: algorithm2e 2013/01/06 v5.00 algorithms environments
\c@AlgoLine=\count139

(/usr/local/texlive/2014/texmf-dist/tex/latex/base/ifthen.sty
Package: ifthen 2001/05/26 v1.1c Standard LaTeX ifthen package (DPC)
)
(/usr/local/texlive/2014/texmf-dist/tex/latex/tools/xspace.sty
Package: xspace 2009/10/20 v1.13 Space after command names (DPC,MH)
)
(/usr/local/texlive/2014/texmf-dist/tex/latex/relsize/relsize.sty
Package: relsize 2013/03/29 ver 4.1
)
********************************************************
Package `algorithm2e' Release 5.0 -- january 06 2013 --
- algorithm2e-announce@lirmm.fr mailing list for announcement about releases
- algorithm2e-discussion@lirmm.fr mailing list for discussion about package
subscribe by emailing sympa@lirmm.fr with 'subscribe <list> <firstname name>'
- Author: Christophe Fiorio (cfiorio@um2.fr)
********************************************************
\skiptotal=\skip61
\skiplinenumber=\skip62
\skiprule=\skip63
\skiphlne=\skip64
\skiptext=\skip65
\skiplength=\skip66
\algomargin=\skip67
\skipalgocfslide=\skip68
\algowidth=\dimen186
\inoutsize=\dimen187
\inoutindent=\dimen188
\interspacetitleruled=\dimen189
\interspacealgoruled=\dimen190
\interspacetitleboxruled=\dimen191
\algocf@inoutbox=\box50
\algocf@inputbox=\box51
\AlCapSkip=\skip69
\AlCapHSkip=\skip70
\algoskipindent=\skip71
\algocf@nlbox=\box52
\algocf@hangingbox=\box53
\algocf@untilbox=\box54
\algocf@skipuntil=\skip72
\algocf@capbox=\box55
\algoheightruledefault=\skip73
\algoheightrule=\skip74
\algotitleheightruledefault=\skip75
\algotitleheightrule=\skip76
\c@algocfline=\count140
\c@algocfproc=\count141
\c@algocf=\count142
\algocf@algoframe=\box56
\algocf@algobox=\box57
)
\c@example=\count143
\c@problem=\count144
\c@definition=\count145
 (./main.aux)
\openout1 = `main.aux'.

LaTeX Font Info:    Checking defaults for OML/cmm/m/it on input line 39.
LaTeX Font Info:    ... okay on input line 39.
LaTeX Font Info:    Checking defaults for T1/cmr/m/n on input line 39.
LaTeX Font Info:    ... okay on input line 39.
LaTeX Font Info:    Checking defaults for OT1/cmr/m/n on input line 39.
LaTeX Font Info:    ... okay on input line 39.
LaTeX Font Info:    Checking defaults for OMS/cmsy/m/n on input line 39.
LaTeX Font Info:    ... okay on input line 39.
LaTeX Font Info:    Checking defaults for OMX/cmex/m/n on input line 39.
LaTeX Font Info:    ... okay on input line 39.
LaTeX Font Info:    Checking defaults for U/cmr/m/n on input line 39.
LaTeX Font Info:    ... okay on input line 39.

(/usr/local/texlive/2014/texmf-dist/tex/context/base/supp-pdf.mkii
[Loading MPS to PDF converter (version 2006.09.02).]
\scratchcounter=\count146
\scratchdimen=\dimen192
\scratchbox=\box58
\nofMPsegments=\count147
\nofMParguments=\count148
\everyMPshowfont=\toks22
\MPscratchCnt=\count149
\MPscratchDim=\dimen193
\MPnumerator=\count150
\makeMPintoPDFobject=\count151
\everyMPtoPDFconversion=\toks23
) (/usr/local/texlive/2014/texmf-dist/tex/generic/oberdiek/pdftexcmds.sty
Package: pdftexcmds 2011/11/29 v0.20 Utility functions of pdfTeX for LuaTeX (HO
)

(/usr/local/texlive/2014/texmf-dist/tex/generic/oberdiek/ifluatex.sty
Package: ifluatex 2010/03/01 v1.3 Provides the ifluatex switch (HO)
Package ifluatex Info: LuaTeX not detected.
)
Package pdftexcmds Info: LuaTeX not detected.
Package pdftexcmds Info: \pdf@primitive is available.
Package pdftexcmds Info: \pdf@ifprimitive is available.
Package pdftexcmds Info: \pdfdraftmode found.
)
(/usr/local/texlive/2014/texmf-dist/tex/latex/oberdiek/epstopdf-base.sty
Package: epstopdf-base 2010/02/09 v2.5 Base part for package epstopdf

(/usr/local/texlive/2014/texmf-dist/tex/latex/oberdiek/grfext.sty
Package: grfext 2010/08/19 v1.1 Manage graphics extensions (HO)

(/usr/local/texlive/2014/texmf-dist/tex/generic/oberdiek/kvdefinekeys.sty
Package: kvdefinekeys 2011/04/07 v1.3 Define keys (HO)
))
(/usr/local/texlive/2014/texmf-dist/tex/latex/oberdiek/kvoptions.sty
Package: kvoptions 2011/06/30 v3.11 Key value format for package options (HO)

(/usr/local/texlive/2014/texmf-dist/tex/generic/oberdiek/kvsetkeys.sty
Package: kvsetkeys 2012/04/25 v1.16 Key value parser (HO)

(/usr/local/texlive/2014/texmf-dist/tex/generic/oberdiek/etexcmds.sty
Package: etexcmds 2011/02/16 v1.5 Avoid name clashes with e-TeX commands (HO)
Package etexcmds Info: Could not find \expanded.
(etexcmds)             That can mean that you are not using pdfTeX 1.50 or
(etexcmds)             that some package has redefined \expanded.
(etexcmds)             In the latter case, load this package earlier.
)))
Package grfext Info: Graphics extension search list:
(grfext)             [.pdf,.jpeg,.png,.eps]
(grfext)             \AppendGraphicsExtensions on input line 452.

(/usr/local/texlive/2014/texmf-dist/tex/latex/latexconfig/epstopdf-sys.cfg
File: epstopdf-sys.cfg 2010/07/13 v1.3 Configuration of (r)epstopdf for TeX Liv
e
))
LaTeX Font Info:    External font `cmex10' loaded for size
(Font)              <9> on input line 64.
LaTeX Font Info:    External font `cmex10' loaded for size
(Font)              <6> on input line 64.
LaTeX Font Info:    External font `cmex10' loaded for size
(Font)              <5> on input line 64.
LaTeX Font Info:    External font `cmex10' loaded for size
(Font)              <7> on input line 71.
LaTeX Font Info:    External font `cmex10' loaded for size
(Font)              <8> on input line 71.

<figs/dashboard.pdf, id=1, 597.56728pt x 438.96498pt>
File: figs/dashboard.pdf Graphic file (type pdf)
 <use figs/dashboard.pdf>
Package pdftex.def Info: figs/dashboard.pdf used on input line 75.
(pdftex.def)             Requested size: 253.04987pt x 185.88449pt.

[1{/usr/local/texlive/2014/texmf-var/fonts/map/pdftex/updmap/pdftex.map}


 <./figs/dashboard.pdf>]
LaTeX Font Info:    Try loading font information for OT1+pcr on input line 101.


(/usr/local/texlive/2014/texmf-dist/tex/latex/psnfss/ot1pcr.fd
File: ot1pcr.fd 2001/06/04 font definitions for OT1/pcr.
) (./main.bbl)

** Conference Paper **
Before submitting the final camera ready copy, remember to:

 1. Manually equalize the lengths of two columns on the last page
 of your paper;

 2. Ensure that any PostScript and/or PDF output post-processing
 uses only Type 1 fonts and that every step in the generation
 process uses the appropriate paper size.

[2] (./main.aux) ) 
Here is how much of TeX's memory you used:
 10253 strings out of 493117
 180107 string characters out of 6135432
 251547 words of memory out of 5000000
 13624 multiletter control sequences out of 15000+600000
 44181 words of font info for 82 fonts, out of 8000000 for 9000
 1141 hyphenation exceptions out of 8191
 38i,8n,35p,10396b,274s stack positions out of 5000i,500n,10000p,200000b,80000s
{/usr/local/texlive/2014/texmf-dist/fonts/enc/dvips/base/8r.e
nc}</usr/local/texlive/2014/texmf-dist/fonts/type1/public/amsfonts/cm/cmmi10.pf
b></usr/local/texlive/2014/texmf-dist/fonts/type1/public/amsfonts/cm/cmmi9.pfb>
</usr/local/texlive/2014/texmf-dist/fonts/type1/public/amsfonts/cm/cmsy6.pfb></
usr/local/texlive/2014/texmf-dist/fonts/type1/urw/courier/ucrr8a.pfb></usr/loca
l/texlive/2014/texmf-dist/fonts/type1/urw/times/utmb8a.pfb></usr/local/texlive/
2014/texmf-dist/fonts/type1/urw/times/utmbi8a.pfb></usr/local/texlive/2014/texm
f-dist/fonts/type1/urw/times/utmr8a.pfb></usr/local/texlive/2014/texmf-dist/fon
ts/type1/urw/times/utmri8a.pfb>
Output written on main.pdf (2 pages, 1469743 bytes).
PDF statistics:
 100 PDF objects out of 1000 (max. 8388607)
 67 compressed objects within 1 object stream
 0 named destinations out of 1000 (max. 500000)
 6 words of extra memory for PDF output out of 10000 (max. 10000000)

